TN:
SF:script/DeployExchange.s.sol
DA:8,0
FN:8,DeployExchange.run
FNDA:0,DeployExchange.run
DA:9,0
DA:10,0
DA:11,0
DA:12,0
DA:13,0
DA:14,0
DA:16,0
DA:17,0
DA:20,0
DA:22,0
DA:24,0
DA:25,0
DA:30,0
FNF:1
FNH:0
LF:14
LH:0
BRF:0
BRH:0
end_of_record
TN:
SF:script/DeployFactory.s.sol
DA:9,0
FN:9,DeployFactory.run
FNDA:0,DeployFactory.run
DA:10,0
DA:11,0
DA:13,0
DA:15,0
DA:17,0
DA:18,0
FNF:1
FNH:0
LF:7
LH:0
BRF:0
BRH:0
end_of_record
TN:
SF:script/DeployToken.s.sol
DA:7,0
FN:7,DeployToken.run
FNDA:0,DeployToken.run
DA:8,0
DA:9,0
DA:11,0
DA:12,0
DA:13,0
DA:14,0
DA:16,0
DA:18,0
FNF:1
FNH:0
LF:9
LH:0
BRF:0
BRH:0
end_of_record
TN:
SF:script/TransferERC20.s.sol
DA:11,0
FN:11,BatchTransferERC20.run
FNDA:0,BatchTransferERC20.run
DA:13,0
DA:15,0
DA:16,0
DA:18,0
DA:19,0
DA:20,0
DA:21,0
DA:22,0
DA:24,0
DA:25,0
DA:26,0
DA:29,0
DA:32,0
DA:35,0
DA:36,0
DA:37,0
DA:42,0
FNF:1
FNH:0
LF:18
LH:0
BRF:0
BRH:0
end_of_record
TN:
SF:src/Exchange.sol
DA:37,17
FN:37,Exchange.constructor
FNDA:17,Exchange.constructor
DA:38,17
BRDA:38,0,0,-
BRDA:38,0,1,17
DA:39,17
DA:42,17
DA:49,7
FN:49,Exchange.getReserve
FNDA:7,Exchange.getReserve
DA:51,41
DA:60,3
FN:60,Exchange.getPrice
FNDA:3,Exchange.getPrice
DA:62,3
BRDA:62,1,0,2
BRDA:62,1,1,1
DA:64,1
DA:74,14
FN:74,Exchange.getAmount
FNDA:14,Exchange.getAmount
DA:76,14
BRDA:76,2,0,-
BRDA:76,2,1,14
DA:78,14
DA:80,14
DA:82,14
DA:84,14
DA:93,4
FN:93,Exchange.getTokenAmount
FNDA:4,Exchange.getTokenAmount
DA:95,4
BRDA:95,3,0,-
BRDA:95,3,1,4
DA:97,4
DA:99,4
DA:107,4
FN:107,Exchange.getEthAmount
FNDA:4,Exchange.getEthAmount
DA:109,4
BRDA:109,4,0,-
BRDA:109,4,1,4
DA:111,4
DA:113,4
DA:121,3
FN:121,Exchange.ethToToken
FNDA:3,Exchange.ethToToken
DA:123,3
DA:125,3
DA:127,3
BRDA:127,5,0,1
BRDA:127,5,1,2
DA:129,2
DA:136,3
FN:136,Exchange.ethToTokenSwap
FNDA:3,Exchange.ethToTokenSwap
DA:138,3
DA:140,2
DA:148,0
FN:148,Exchange.ethToTokenTransfer
FNDA:0,Exchange.ethToTokenTransfer
DA:150,0
DA:152,0
DA:160,3
FN:160,Exchange.tokenToEthSwap
FNDA:3,Exchange.tokenToEthSwap
DA:162,3
DA:164,3
DA:166,3
BRDA:166,6,0,1
BRDA:166,6,1,2
DA:168,2
DA:170,2
DA:172,2
DA:180,16
FN:180,Exchange.addLiquidity
FNDA:16,Exchange.addLiquidity
DA:182,16
BRDA:182,7,0,15
BRDA:182,7,1,1
DA:184,15
DA:186,15
DA:189,15
DA:191,15
DA:193,15
DA:195,15
DA:197,15
DA:203,1
DA:205,1
DA:207,1
DA:208,1
BRDA:208,8,0,-
BRDA:208,8,1,1
DA:210,1
DA:212,1
DA:215,1
DA:217,1
DA:219,1
DA:221,1
DA:223,1
DA:233,4
FN:233,Exchange.removeLiquidity
FNDA:4,Exchange.removeLiquidity
DA:235,4
BRDA:235,9,0,1
BRDA:235,9,1,3
DA:238,3
DA:240,3
DA:242,3
DA:244,3
DA:246,3
DA:248,3
DA:251,3
DA:252,3
DA:261,0
FN:261,Exchange.tokenToTokenSwap
FNDA:0,Exchange.tokenToTokenSwap
DA:262,0
DA:263,0
BRDA:263,10,0,-
BRDA:263,10,1,-
DA:264,0
DA:265,0
DA:266,0
DA:268,0
FNF:13
FNH:11
LF:78
LH:68
BRF:22
BRH:15
end_of_record
TN:
SF:src/Factory.sol
DA:18,4
FN:18,Factory.createExchange
FNDA:4,Factory.createExchange
DA:20,4
BRDA:20,0,0,1
BRDA:20,0,1,3
DA:22,3
BRDA:22,1,0,1
BRDA:22,1,1,2
DA:24,2
DA:26,2
DA:28,2
DA:30,2
DA:38,1
FN:38,Factory.getExchange
FNDA:1,Factory.getExchange
DA:40,1
FNF:2
FNH:2
LF:9
LH:9
BRF:4
BRH:4
end_of_record
TN:
SF:src/Token.sol
DA:7,23
FN:7,Token.constructor
FNDA:23,Token.constructor
DA:12,23
FNF:1
FNH:1
LF:2
LH:2
BRF:0
BRH:0
end_of_record
